2023-01-18 16:14:17,505:INFO:PyCaret NLP Module
2023-01-18 16:14:17,528:INFO:version 2.3.10
2023-01-18 16:14:17,528:INFO:Initializing setup()
2023-01-18 16:14:17,529:INFO:USI: be49
2023-01-18 16:14:17,529:INFO:setup(data=(553, 10), target=text, custom_stopwords=None, html=True, session_id=123, log_experiment=False,
                    experiment_name=None, log_plots=False, log_data=False, verbose=True)
2023-01-18 16:14:17,530:INFO:Checking environment
2023-01-18 16:14:17,530:INFO:python_version: 3.8.15
2023-01-18 16:14:17,531:INFO:python_build: ('default', 'Nov 24 2022 14:38:14')
2023-01-18 16:14:17,531:INFO:machine: AMD64
2023-01-18 16:14:17,532:INFO:platform: Windows-10-10.0.19045-SP0
2023-01-18 16:14:17,536:INFO:Memory: svmem(total=8292089856, available=545386496, percent=93.4, used=7746703360, free=545386496)
2023-01-18 16:14:17,537:INFO:Physical Core: 4
2023-01-18 16:14:17,538:INFO:Logical Core: 8
2023-01-18 16:14:17,538:INFO:Checking libraries
2023-01-18 16:14:17,538:INFO:pd==1.5.2
2023-01-18 16:14:17,538:INFO:numpy==1.20.3
2023-01-18 16:14:19,774:INFO:gensim==3.8.3
2023-01-18 16:14:19,775:INFO:spacy==2.3.9
2023-01-18 16:14:21,641:INFO:nltk==3.8
2023-01-18 16:14:21,758:INFO:textblob==0.17.1
2023-01-18 16:14:21,881:INFO:pyLDAvis==3.3.1
2023-01-18 16:14:22,309:INFO:wordcloud==1.8.2.2
2023-01-18 16:14:22,310:INFO:mlflow==2.1.0
2023-01-18 16:14:22,310:INFO:Checking Exceptions
2023-01-18 16:14:22,836:INFO:Preloading libraries
2023-01-18 16:14:22,837:INFO:Preparing display monitor
2023-01-18 16:14:22,848:INFO:Importing libraries
2023-01-18 16:14:22,849:INFO:Declaring global variables
2023-01-18 16:14:22,849:INFO:Input provided : dataframe
2023-01-18 16:14:22,850:INFO:session_id set to : 123
2023-01-18 16:14:22,850:INFO:Copying training dataset
2023-01-18 16:14:22,851:INFO:Importing stopwords from nltk
2023-01-18 16:14:22,995:INFO:No custom stopwords defined
2023-01-18 16:14:22,996:INFO:Removing numeric characters from the text
2023-01-18 16:14:23,006:INFO:Removing special characters from the text
2023-01-18 16:14:23,042:INFO:Tokenizing Words
2023-01-18 16:14:23,102:INFO:Removing stopwords
2023-01-18 16:14:23,148:INFO:Extracting Bigrams
2023-01-18 16:14:23,219:INFO:Extracting Trigrams
2023-01-18 16:14:23,391:INFO:Lemmatizing tokens
2023-01-18 16:14:25,782:INFO:Removing stopwords after lemmatizing
2023-01-18 16:14:25,805:INFO:Creating corpus and dictionary
2023-01-18 16:14:25,829:INFO:Compiling processed text
2023-01-18 16:14:25,831:INFO:Compiling information grid
2023-01-18 16:14:25,836:INFO:setup() succesfully completed......................................
2023-01-18 16:16:12,789:INFO:PyCaret NLP Module
2023-01-18 16:16:12,789:INFO:version 2.3.10
2023-01-18 16:16:12,790:INFO:Initializing setup()
2023-01-18 16:16:12,790:INFO:USI: 37be
2023-01-18 16:16:12,790:INFO:setup(data=(553, 10), target=text, custom_stopwords=None, html=True, session_id=123, log_experiment=False,
                    experiment_name=None, log_plots=False, log_data=False, verbose=True)
2023-01-18 16:16:12,790:INFO:Checking environment
2023-01-18 16:16:12,790:INFO:python_version: 3.8.15
2023-01-18 16:16:12,790:INFO:python_build: ('default', 'Nov 24 2022 14:38:14')
2023-01-18 16:16:12,791:INFO:machine: AMD64
2023-01-18 16:16:12,791:INFO:platform: Windows-10-10.0.19045-SP0
2023-01-18 16:16:12,794:INFO:Memory: svmem(total=8292089856, available=1099546624, percent=86.7, used=7192543232, free=1099546624)
2023-01-18 16:16:12,794:INFO:Physical Core: 4
2023-01-18 16:16:12,795:INFO:Logical Core: 8
2023-01-18 16:16:12,795:INFO:Checking libraries
2023-01-18 16:16:12,795:INFO:pd==1.5.2
2023-01-18 16:16:12,795:INFO:numpy==1.20.3
2023-01-18 16:16:12,796:INFO:gensim==3.8.3
2023-01-18 16:16:12,796:INFO:spacy==2.3.9
2023-01-18 16:16:12,796:INFO:nltk==3.8
2023-01-18 16:16:12,797:INFO:textblob==0.17.1
2023-01-18 16:16:12,797:INFO:pyLDAvis==3.3.1
2023-01-18 16:16:12,797:INFO:wordcloud==1.8.2.2
2023-01-18 16:16:12,797:INFO:mlflow==2.1.0
2023-01-18 16:16:12,797:INFO:Checking Exceptions
2023-01-18 16:16:13,476:INFO:Preloading libraries
2023-01-18 16:16:13,477:INFO:Preparing display monitor
2023-01-18 16:16:13,488:INFO:Importing libraries
2023-01-18 16:16:13,488:INFO:Declaring global variables
2023-01-18 16:16:13,489:INFO:Input provided : dataframe
2023-01-18 16:16:13,489:INFO:session_id set to : 123
2023-01-18 16:16:13,489:INFO:Copying training dataset
2023-01-18 16:16:13,490:INFO:Importing stopwords from nltk
2023-01-18 16:16:13,493:INFO:No custom stopwords defined
2023-01-18 16:16:13,493:INFO:Removing numeric characters from the text
2023-01-18 16:16:13,504:INFO:Removing special characters from the text
2023-01-18 16:16:13,538:INFO:Tokenizing Words
2023-01-18 16:16:13,594:INFO:Removing stopwords
2023-01-18 16:16:13,645:INFO:Extracting Bigrams
2023-01-18 16:16:13,724:INFO:Extracting Trigrams
2023-01-18 16:16:13,881:INFO:Lemmatizing tokens
2023-01-18 16:16:16,171:INFO:Removing stopwords after lemmatizing
2023-01-18 16:16:16,193:INFO:Creating corpus and dictionary
2023-01-18 16:16:16,214:INFO:Compiling processed text
2023-01-18 16:16:16,215:INFO:Compiling information grid
2023-01-18 16:16:16,223:INFO:setup() succesfully completed......................................
2023-01-18 16:16:24,740:INFO:PyCaret NLP Module
2023-01-18 16:16:24,740:INFO:version 2.3.10
2023-01-18 16:16:24,741:INFO:Initializing setup()
2023-01-18 16:16:24,741:INFO:USI: 41e0
2023-01-18 16:16:24,741:INFO:setup(data=(553, 10), target=text, custom_stopwords=None, html=True, session_id=123, log_experiment=False,
                    experiment_name=None, log_plots=False, log_data=False, verbose=True)
2023-01-18 16:16:24,741:INFO:Checking environment
2023-01-18 16:16:24,741:INFO:python_version: 3.8.15
2023-01-18 16:16:24,741:INFO:python_build: ('default', 'Nov 24 2022 14:38:14')
2023-01-18 16:16:24,742:INFO:machine: AMD64
2023-01-18 16:16:24,742:INFO:platform: Windows-10-10.0.19045-SP0
2023-01-18 16:16:24,745:INFO:Memory: svmem(total=8292089856, available=1182744576, percent=85.7, used=7109345280, free=1182744576)
2023-01-18 16:16:24,745:INFO:Physical Core: 4
2023-01-18 16:16:24,746:INFO:Logical Core: 8
2023-01-18 16:16:24,746:INFO:Checking libraries
2023-01-18 16:16:24,746:INFO:pd==1.5.2
2023-01-18 16:16:24,746:INFO:numpy==1.20.3
2023-01-18 16:16:24,746:INFO:gensim==3.8.3
2023-01-18 16:16:24,747:INFO:spacy==2.3.9
2023-01-18 16:16:24,747:INFO:nltk==3.8
2023-01-18 16:16:24,747:INFO:textblob==0.17.1
2023-01-18 16:16:24,747:INFO:pyLDAvis==3.3.1
2023-01-18 16:16:24,747:INFO:wordcloud==1.8.2.2
2023-01-18 16:16:24,748:INFO:mlflow==2.1.0
2023-01-18 16:16:24,748:INFO:Checking Exceptions
2023-01-18 16:16:25,298:INFO:Preloading libraries
2023-01-18 16:16:25,308:INFO:Preparing display monitor
2023-01-18 16:16:25,323:INFO:Importing libraries
2023-01-18 16:16:25,324:INFO:Declaring global variables
2023-01-18 16:16:25,324:INFO:Input provided : dataframe
2023-01-18 16:16:25,325:INFO:session_id set to : 123
2023-01-18 16:16:25,325:INFO:Copying training dataset
2023-01-18 16:16:25,327:INFO:Importing stopwords from nltk
2023-01-18 16:16:25,329:INFO:No custom stopwords defined
2023-01-18 16:16:25,330:INFO:Removing numeric characters from the text
2023-01-18 16:16:25,344:INFO:Removing special characters from the text
2023-01-18 16:16:25,386:INFO:Tokenizing Words
2023-01-18 16:16:25,469:INFO:Removing stopwords
2023-01-18 16:16:25,521:INFO:Extracting Bigrams
2023-01-18 16:16:25,619:INFO:Extracting Trigrams
2023-01-18 16:16:25,810:INFO:Lemmatizing tokens
2023-01-18 16:16:28,147:INFO:Removing stopwords after lemmatizing
2023-01-18 16:16:28,171:INFO:Creating corpus and dictionary
2023-01-18 16:16:28,198:INFO:Compiling processed text
2023-01-18 16:16:28,205:INFO:Compiling information grid
2023-01-18 16:16:28,212:INFO:setup() succesfully completed......................................
2023-01-18 16:16:28,246:INFO:Initializing compare_models()
2023-01-18 16:16:28,246:INFO:compare_models(include=None, fold=None, round=4, cross_validation=True, sort=Accuracy, n_select=1, budget_time=None, turbo=True, errors=ignore, fit_kwargs=None, groups=None, experiment_custom_tags=None, probability_threshold=None, verbose=True, display=None, exclude=None)
2023-01-18 16:16:28,247:INFO:Checking exceptions
2023-01-18 16:17:33,503:INFO:PyCaret Supervised Module
2023-01-18 16:17:33,503:INFO:ML Usecase: classification
2023-01-18 16:17:33,504:INFO:version 2.3.10
2023-01-18 16:17:33,505:INFO:Initializing setup()
2023-01-18 16:17:33,505:INFO:setup(target=text, ml_usecase=classification, available_plots={'parameter': 'Hyperparameters', 'auc': 'AUC', 'confusion_matrix': 'Confusion Matrix', 'threshold': 'Threshold', 'pr': 'Precision Recall', 'error': 'Prediction Error', 'class_report': 'Class Report', 'rfe': 'Feature Selection', 'learning': 'Learning Curve', 'manifold': 'Manifold Learning', 'calibration': 'Calibration Curve', 'vc': 'Validation Curve', 'dimension': 'Dimensions', 'feature': 'Feature Importance', 'feature_all': 'Feature Importance (All)', 'boundary': 'Decision Boundary', 'lift': 'Lift Chart', 'gain': 'Gain Chart', 'tree': 'Decision Tree', 'ks': 'KS Statistic Plot'}, train_size=0.7, test_data=None, preprocess=True, imputation_type=simple, iterative_imputation_iters=5, categorical_features=None, categorical_imputation=constant, categorical_iterative_imputer=lightgbm, ordinal_features=None, high_cardinality_features=None, high_cardinality_method=frequency, numeric_features=None, numeric_imputation=mean, numeric_iterative_imputer=lightgbm, date_features=None, ignore_features=None, normalize=False, normalize_method=zscore, transformation=False, transformation_method=yeo-johnson, handle_unknown_categorical=True, unknown_categorical_method=least_frequent, pca=False, pca_method=linear, pca_components=None, ignore_low_variance=False, combine_rare_levels=False, rare_level_threshold=0.1, bin_numeric_features=None, remove_outliers=False, outliers_threshold=0.05, remove_multicollinearity=False, multicollinearity_threshold=0.9, remove_perfect_collinearity=True, create_clusters=False, cluster_iter=20, polynomial_features=False, polynomial_degree=2, trigonometry_features=False, polynomial_threshold=0.1, group_features=None, group_names=None, feature_selection=False, feature_selection_threshold=0.8, feature_selection_method=classic, feature_interaction=False, feature_ratio=False, interaction_threshold=0.01, fix_imbalance=False, fix_imbalance_method=None, transform_target=False, transform_target_method=box-cox, data_split_shuffle=True, data_split_stratify=False, fold_strategy=stratifiedkfold, fold=10, fold_shuffle=False, fold_groups=None, n_jobs=-1, use_gpu=False, custom_pipeline=None, html=True, session_id=123, log_experiment=False, experiment_name=None, experiment_custom_tags=None, log_plots=False, log_profile=False, log_data=False, silent=False, verbose=True, profile=False, profile_kwargs=None, display=None)
2023-01-18 16:17:33,506:INFO:Checking environment
2023-01-18 16:17:33,506:INFO:python_version: 3.8.15
2023-01-18 16:17:33,506:INFO:python_build: ('default', 'Nov 24 2022 14:38:14')
2023-01-18 16:17:33,507:INFO:machine: AMD64
2023-01-18 16:17:33,507:INFO:platform: Windows-10-10.0.19045-SP0
2023-01-18 16:17:33,511:INFO:Memory: svmem(total=8292089856, available=1048322048, percent=87.4, used=7243767808, free=1048322048)
2023-01-18 16:17:33,511:INFO:Physical Core: 4
2023-01-18 16:17:33,511:INFO:Logical Core: 8
2023-01-18 16:17:33,512:INFO:Checking libraries
2023-01-18 16:17:33,512:INFO:pd==1.5.2
2023-01-18 16:17:33,513:INFO:numpy==1.20.3
2023-01-18 16:17:33,513:INFO:sklearn==0.23.2
2023-01-18 16:17:33,513:INFO:lightgbm==3.3.3
2023-01-18 16:17:33,521:WARNING:catboost not found
2023-01-18 16:17:33,523:WARNING:xgboost not found
2023-01-18 16:17:33,524:INFO:mlflow==2.1.0
2023-01-18 16:17:33,524:INFO:Checking Exceptions
2023-01-18 16:17:33,525:INFO:Declaring global variables
2023-01-18 16:17:33,526:INFO:USI: ac6c
2023-01-18 16:17:33,526:INFO:pycaret_globals: {'log_plots_param', 'logging_param', 'X', 'iterative_imputation_iters_param', 'fold_param', 'y_test', 'fold_shuffle_param', '_all_models', 'imputation_classifier', 'fold_groups_param', 'fix_imbalance_method_param', 'target_param', 'dashboard_logger', 'gpu_param', '_all_metrics', 'y', 'y_train', 'master_model_container', '_available_plots', 'transform_target_param', 'prep_pipe', 'X_train', 'html_param', 'fold_groups_param_full', '_gpu_n_jobs_param', 'pycaret_globals', '_ml_usecase', 'data_before_preprocess', 'stratify_param', 'seed', 'display_container', 'imputation_regressor', 'fold_generator', 'n_jobs_param', 'create_model_container', 'experiment__', 'X_test', 'fix_imbalance_param', 'transform_target_method_param', 'exp_name_log', '_all_models_internal', 'USI', '_internal_pipeline'}
2023-01-18 16:17:33,526:INFO:Preparing display monitor
2023-01-18 16:17:33,527:INFO:Preparing display monitor
2023-01-18 16:17:33,539:INFO:Importing libraries
2023-01-18 16:17:33,539:INFO:Copying data for preprocessing
2023-01-18 16:17:33,550:INFO:Declaring preprocessing parameters
2023-01-18 16:17:33,552:INFO:Creating preprocessing pipeline
2023-01-18 16:17:33,566:INFO:Preprocessing pipeline created successfully
2023-01-18 16:17:33,567:ERROR:(Process Exit): setup has been interupted with user command 'quit'. setup must rerun.
2023-01-18 16:17:33,567:INFO:Creating global containers
2023-01-18 16:17:33,573:INFO:Internal pipeline: Pipeline(memory=None, steps=[('empty_step', 'passthrough')], verbose=False)
2023-01-18 16:17:41,102:INFO:Initializing compare_models()
2023-01-18 16:17:41,102:INFO:compare_models(include=None, fold=None, round=4, cross_validation=True, sort=Accuracy, n_select=1, budget_time=None, turbo=True, errors=ignore, fit_kwargs=None, groups=None, experiment_custom_tags=None, probability_threshold=None, verbose=True, display=None, exclude=None)
2023-01-18 16:17:41,103:INFO:Checking exceptions
2023-01-18 16:17:47,385:INFO:PyCaret NLP Module
2023-01-18 16:17:47,385:INFO:version 2.3.10
2023-01-18 16:17:47,386:INFO:Initializing setup()
2023-01-18 16:17:47,386:INFO:USI: 02cd
2023-01-18 16:17:47,386:INFO:setup(data=(553, 10), target=text, custom_stopwords=None, html=True, session_id=123, log_experiment=False,
                    experiment_name=None, log_plots=False, log_data=False, verbose=True)
2023-01-18 16:17:47,386:INFO:Checking environment
2023-01-18 16:17:47,387:INFO:python_version: 3.8.15
2023-01-18 16:17:47,387:INFO:python_build: ('default', 'Nov 24 2022 14:38:14')
2023-01-18 16:17:47,387:INFO:machine: AMD64
2023-01-18 16:17:47,387:INFO:platform: Windows-10-10.0.19045-SP0
2023-01-18 16:17:47,391:INFO:Memory: svmem(total=8292089856, available=1027776512, percent=87.6, used=7264313344, free=1027776512)
2023-01-18 16:17:47,391:INFO:Physical Core: 4
2023-01-18 16:17:47,392:INFO:Logical Core: 8
2023-01-18 16:17:47,393:INFO:Checking libraries
2023-01-18 16:17:47,393:INFO:pd==1.5.2
2023-01-18 16:17:47,393:INFO:numpy==1.20.3
2023-01-18 16:17:47,394:INFO:gensim==3.8.3
2023-01-18 16:17:47,394:INFO:spacy==2.3.9
2023-01-18 16:17:47,394:INFO:nltk==3.8
2023-01-18 16:17:47,394:INFO:textblob==0.17.1
2023-01-18 16:17:47,395:INFO:pyLDAvis==3.3.1
2023-01-18 16:17:47,395:INFO:wordcloud==1.8.2.2
2023-01-18 16:17:47,395:INFO:mlflow==2.1.0
2023-01-18 16:17:47,395:INFO:Checking Exceptions
2023-01-18 16:17:48,034:INFO:Preloading libraries
2023-01-18 16:17:48,034:INFO:Preparing display monitor
2023-01-18 16:17:48,044:INFO:Importing libraries
2023-01-18 16:17:48,045:INFO:Declaring global variables
2023-01-18 16:17:48,045:INFO:Input provided : dataframe
2023-01-18 16:17:48,046:INFO:session_id set to : 123
2023-01-18 16:17:48,046:INFO:Copying training dataset
2023-01-18 16:17:48,048:INFO:Importing stopwords from nltk
2023-01-18 16:17:48,050:INFO:No custom stopwords defined
2023-01-18 16:17:48,050:INFO:Removing numeric characters from the text
2023-01-18 16:17:48,064:INFO:Removing special characters from the text
2023-01-18 16:17:48,095:INFO:Tokenizing Words
2023-01-18 16:17:48,160:INFO:Removing stopwords
2023-01-18 16:17:48,210:INFO:Extracting Bigrams
2023-01-18 16:17:48,283:INFO:Extracting Trigrams
2023-01-18 16:17:48,474:INFO:Lemmatizing tokens
2023-01-18 16:17:50,494:INFO:Removing stopwords after lemmatizing
2023-01-18 16:17:50,517:INFO:Creating corpus and dictionary
2023-01-18 16:17:50,539:INFO:Compiling processed text
2023-01-18 16:17:50,541:INFO:Compiling information grid
2023-01-18 16:17:50,546:INFO:setup() succesfully completed......................................
2023-01-18 16:17:51,148:INFO:Initializing compare_models()
2023-01-18 16:17:51,149:INFO:compare_models(include=None, fold=None, round=4, cross_validation=True, sort=Accuracy, n_select=1, budget_time=None, turbo=True, errors=ignore, fit_kwargs=None, groups=None, experiment_custom_tags=None, probability_threshold=None, verbose=True, display=None, exclude=None)
2023-01-18 16:17:51,149:INFO:Checking exceptions
2023-01-18 16:31:25,031:INFO:PyCaret NLP Module
2023-01-18 16:31:25,036:INFO:version 2.3.10
2023-01-18 16:31:25,036:INFO:Initializing setup()
2023-01-18 16:31:25,037:INFO:USI: b31f
2023-01-18 16:31:25,037:INFO:setup(data=(553, 11), target=text, custom_stopwords=None, html=True, session_id=123, log_experiment=False,
                    experiment_name=None, log_plots=False, log_data=False, verbose=True)
2023-01-18 16:31:25,037:INFO:Checking environment
2023-01-18 16:31:25,038:INFO:python_version: 3.8.15
2023-01-18 16:31:25,038:INFO:python_build: ('default', 'Nov 24 2022 14:38:14')
2023-01-18 16:31:25,038:INFO:machine: AMD64
2023-01-18 16:31:25,039:INFO:platform: Windows-10-10.0.19045-SP0
2023-01-18 16:31:25,043:INFO:Memory: svmem(total=8292089856, available=723619840, percent=91.3, used=7568470016, free=723619840)
2023-01-18 16:31:25,044:INFO:Physical Core: 4
2023-01-18 16:31:25,044:INFO:Logical Core: 8
2023-01-18 16:31:25,045:INFO:Checking libraries
2023-01-18 16:31:25,045:INFO:pd==1.5.2
2023-01-18 16:31:25,045:INFO:numpy==1.20.3
2023-01-18 16:31:25,409:INFO:gensim==3.8.3
2023-01-18 16:31:25,409:INFO:spacy==2.3.9
2023-01-18 16:31:25,410:INFO:nltk==3.8
2023-01-18 16:31:25,474:INFO:textblob==0.17.1
2023-01-18 16:31:25,522:INFO:pyLDAvis==3.3.1
2023-01-18 16:31:25,523:INFO:wordcloud==1.8.2.2
2023-01-18 16:31:25,523:INFO:mlflow==2.1.0
2023-01-18 16:31:25,523:INFO:Checking Exceptions
2023-01-18 16:31:26,125:INFO:Preloading libraries
2023-01-18 16:31:26,126:INFO:Preparing display monitor
2023-01-18 16:31:26,140:INFO:Importing libraries
2023-01-18 16:31:26,141:INFO:Declaring global variables
2023-01-18 16:31:26,141:INFO:Input provided : dataframe
2023-01-18 16:31:26,142:INFO:session_id set to : 123
2023-01-18 16:31:26,142:INFO:Copying training dataset
2023-01-18 16:31:26,144:INFO:Importing stopwords from nltk
2023-01-18 16:31:26,147:INFO:No custom stopwords defined
2023-01-18 16:31:26,148:INFO:Removing numeric characters from the text
2023-01-18 16:31:26,161:INFO:Removing special characters from the text
2023-01-18 16:31:26,206:INFO:Tokenizing Words
2023-01-18 16:31:26,292:INFO:Removing stopwords
2023-01-18 16:31:26,351:INFO:Extracting Bigrams
2023-01-18 16:31:26,443:INFO:Extracting Trigrams
2023-01-18 16:31:26,650:INFO:Lemmatizing tokens
2023-01-18 16:31:28,851:INFO:Removing stopwords after lemmatizing
2023-01-18 16:31:28,877:INFO:Creating corpus and dictionary
2023-01-18 16:31:28,902:INFO:Compiling processed text
2023-01-18 16:31:28,904:INFO:Compiling information grid
2023-01-18 16:31:28,910:INFO:setup() succesfully completed......................................
2023-01-18 16:32:00,097:INFO:PyCaret NLP Module
2023-01-18 16:32:00,101:INFO:version 2.3.10
2023-01-18 16:32:00,102:INFO:Initializing setup()
2023-01-18 16:32:00,102:INFO:USI: 0383
2023-01-18 16:32:00,102:INFO:setup(data=(553, 11), target=text, custom_stopwords=None, html=True, session_id=123, log_experiment=False,
                    experiment_name=None, log_plots=False, log_data=False, verbose=True)
2023-01-18 16:32:00,102:INFO:Checking environment
2023-01-18 16:32:00,103:INFO:python_version: 3.8.15
2023-01-18 16:32:00,103:INFO:python_build: ('default', 'Nov 24 2022 14:38:14')
2023-01-18 16:32:00,103:INFO:machine: AMD64
2023-01-18 16:32:00,104:INFO:platform: Windows-10-10.0.19045-SP0
2023-01-18 16:32:00,107:INFO:Memory: svmem(total=8292089856, available=782708736, percent=90.6, used=7509381120, free=782708736)
2023-01-18 16:32:00,107:INFO:Physical Core: 4
2023-01-18 16:32:00,109:INFO:Logical Core: 8
2023-01-18 16:32:00,109:INFO:Checking libraries
2023-01-18 16:32:00,109:INFO:pd==1.5.2
2023-01-18 16:32:00,109:INFO:numpy==1.20.3
2023-01-18 16:32:00,409:INFO:gensim==3.8.3
2023-01-18 16:32:00,409:INFO:spacy==2.3.9
2023-01-18 16:32:00,410:INFO:nltk==3.8
2023-01-18 16:32:00,538:INFO:textblob==0.17.1
2023-01-18 16:32:00,745:INFO:pyLDAvis==3.3.1
2023-01-18 16:32:00,745:INFO:wordcloud==1.8.2.2
2023-01-18 16:32:00,746:INFO:mlflow==2.1.0
2023-01-18 16:32:00,747:INFO:Checking Exceptions
2023-01-18 16:32:01,760:INFO:Preloading libraries
2023-01-18 16:32:01,760:INFO:Preparing display monitor
2023-01-18 16:32:01,774:INFO:Importing libraries
2023-01-18 16:32:01,775:INFO:Declaring global variables
2023-01-18 16:32:01,776:INFO:Input provided : dataframe
2023-01-18 16:32:01,776:INFO:session_id set to : 123
2023-01-18 16:32:01,777:INFO:Copying training dataset
2023-01-18 16:32:01,778:INFO:Importing stopwords from nltk
2023-01-18 16:32:01,781:INFO:No custom stopwords defined
2023-01-18 16:32:01,782:INFO:Removing numeric characters from the text
2023-01-18 16:32:01,801:INFO:Removing special characters from the text
2023-01-18 16:32:01,847:INFO:Tokenizing Words
2023-01-18 16:32:01,930:INFO:Removing stopwords
2023-01-18 16:32:01,994:INFO:Extracting Bigrams
2023-01-18 16:32:02,094:INFO:Extracting Trigrams
2023-01-18 16:32:02,299:INFO:Lemmatizing tokens
2023-01-18 16:32:04,876:INFO:Removing stopwords after lemmatizing
2023-01-18 16:32:04,902:INFO:Creating corpus and dictionary
2023-01-18 16:32:04,925:INFO:Compiling processed text
2023-01-18 16:32:04,926:INFO:Compiling information grid
2023-01-18 16:32:04,932:INFO:setup() succesfully completed......................................
2023-01-18 16:32:33,700:INFO:PyCaret NLP Module
2023-01-18 16:32:33,701:INFO:version 2.3.10
2023-01-18 16:32:33,702:INFO:Initializing setup()
2023-01-18 16:32:33,702:INFO:USI: d524
2023-01-18 16:32:33,702:INFO:setup(data=(553, 11), target=text, custom_stopwords=None, html=True, session_id=123, log_experiment=False,
                    experiment_name=None, log_plots=False, log_data=False, verbose=True)
2023-01-18 16:32:33,702:INFO:Checking environment
2023-01-18 16:32:33,702:INFO:python_version: 3.8.15
2023-01-18 16:32:33,703:INFO:python_build: ('default', 'Nov 24 2022 14:38:14')
2023-01-18 16:32:33,703:INFO:machine: AMD64
2023-01-18 16:32:33,703:INFO:platform: Windows-10-10.0.19045-SP0
2023-01-18 16:32:33,710:INFO:Memory: svmem(total=8292089856, available=735186944, percent=91.1, used=7556902912, free=735186944)
2023-01-18 16:32:33,710:INFO:Physical Core: 4
2023-01-18 16:32:33,711:INFO:Logical Core: 8
2023-01-18 16:32:33,711:INFO:Checking libraries
2023-01-18 16:32:33,712:INFO:pd==1.5.2
2023-01-18 16:32:33,712:INFO:numpy==1.20.3
2023-01-18 16:32:33,921:INFO:gensim==3.8.3
2023-01-18 16:32:33,922:INFO:spacy==2.3.9
2023-01-18 16:32:33,923:INFO:nltk==3.8
2023-01-18 16:32:33,967:INFO:textblob==0.17.1
2023-01-18 16:32:34,009:INFO:pyLDAvis==3.3.1
2023-01-18 16:32:34,010:INFO:wordcloud==1.8.2.2
2023-01-18 16:32:34,010:INFO:mlflow==2.1.0
2023-01-18 16:32:34,011:INFO:Checking Exceptions
2023-01-18 16:32:34,562:INFO:Preloading libraries
2023-01-18 16:32:34,563:INFO:Preparing display monitor
2023-01-18 16:32:34,577:INFO:Importing libraries
2023-01-18 16:32:34,577:INFO:Declaring global variables
2023-01-18 16:32:34,578:INFO:Input provided : dataframe
2023-01-18 16:32:34,579:INFO:session_id set to : 123
2023-01-18 16:32:34,579:INFO:Copying training dataset
2023-01-18 16:32:34,581:INFO:Importing stopwords from nltk
2023-01-18 16:32:34,583:INFO:No custom stopwords defined
2023-01-18 16:32:34,584:INFO:Removing numeric characters from the text
2023-01-18 16:32:34,597:INFO:Removing special characters from the text
2023-01-18 16:32:34,639:INFO:Tokenizing Words
2023-01-18 16:32:34,710:INFO:Removing stopwords
2023-01-18 16:32:34,765:INFO:Extracting Bigrams
2023-01-18 16:32:34,851:INFO:Extracting Trigrams
2023-01-18 16:32:35,034:INFO:Lemmatizing tokens
2023-01-18 16:32:37,576:INFO:Removing stopwords after lemmatizing
2023-01-18 16:32:37,606:INFO:Creating corpus and dictionary
2023-01-18 16:32:37,637:INFO:Compiling processed text
2023-01-18 16:32:37,640:INFO:Compiling information grid
2023-01-18 16:32:37,649:INFO:setup() succesfully completed......................................
2023-01-18 16:33:49,921:INFO:PyCaret NLP Module
2023-01-18 16:33:49,925:INFO:version 2.3.10
2023-01-18 16:33:49,925:INFO:Initializing setup()
2023-01-18 16:33:49,926:INFO:USI: 731e
2023-01-18 16:33:49,926:INFO:setup(data=(553, 11), target=text_clean, custom_stopwords=None, html=True, session_id=123, log_experiment=False,
                    experiment_name=None, log_plots=False, log_data=False, verbose=True)
2023-01-18 16:33:49,926:INFO:Checking environment
2023-01-18 16:33:49,927:INFO:python_version: 3.8.15
2023-01-18 16:33:49,927:INFO:python_build: ('default', 'Nov 24 2022 14:38:14')
2023-01-18 16:33:49,927:INFO:machine: AMD64
2023-01-18 16:33:49,928:INFO:platform: Windows-10-10.0.19045-SP0
2023-01-18 16:33:49,931:INFO:Memory: svmem(total=8292089856, available=654225408, percent=92.1, used=7637864448, free=654225408)
2023-01-18 16:33:49,931:INFO:Physical Core: 4
2023-01-18 16:33:49,931:INFO:Logical Core: 8
2023-01-18 16:33:49,932:INFO:Checking libraries
2023-01-18 16:33:49,932:INFO:pd==1.5.2
2023-01-18 16:33:49,932:INFO:numpy==1.20.3
2023-01-18 16:33:49,932:INFO:gensim==3.8.3
2023-01-18 16:33:49,933:INFO:spacy==2.3.9
2023-01-18 16:33:49,933:INFO:nltk==3.8
2023-01-18 16:33:49,933:INFO:textblob==0.17.1
2023-01-18 16:33:49,933:INFO:pyLDAvis==3.3.1
2023-01-18 16:33:49,933:INFO:wordcloud==1.8.2.2
2023-01-18 16:33:49,933:INFO:mlflow==2.1.0
2023-01-18 16:33:49,933:INFO:Checking Exceptions
2023-01-18 16:33:50,440:INFO:Preloading libraries
2023-01-18 16:33:50,440:INFO:Preparing display monitor
2023-01-18 16:33:50,450:INFO:Importing libraries
2023-01-18 16:33:50,450:INFO:Declaring global variables
2023-01-18 16:33:50,451:INFO:Input provided : dataframe
2023-01-18 16:33:50,452:INFO:session_id set to : 123
2023-01-18 16:33:50,452:INFO:Copying training dataset
2023-01-18 16:33:50,454:INFO:Importing stopwords from nltk
2023-01-18 16:33:50,457:INFO:No custom stopwords defined
2023-01-18 16:33:50,458:INFO:Removing numeric characters from the text
2023-01-18 16:33:50,469:INFO:Removing special characters from the text
2023-01-18 16:33:50,496:INFO:Tokenizing Words
2023-01-18 16:33:50,552:INFO:Removing stopwords
2023-01-18 16:33:50,596:INFO:Extracting Bigrams
2023-01-18 16:33:50,665:INFO:Extracting Trigrams
2023-01-18 16:33:50,821:INFO:Lemmatizing tokens
2023-01-18 16:33:52,904:INFO:Removing stopwords after lemmatizing
2023-01-18 16:33:52,941:INFO:Creating corpus and dictionary
2023-01-18 16:33:52,966:INFO:Compiling processed text
2023-01-18 16:33:52,969:INFO:Compiling information grid
2023-01-18 16:33:52,975:INFO:setup() succesfully completed......................................
2023-01-18 16:34:13,134:INFO:Initializing create_model()
2023-01-18 16:34:13,141:INFO:create_model(model=lda, multi_core=False, num_topics=None, verbose=True, system=True)
2023-01-18 16:34:13,141:INFO:Checking exceptions
2023-01-18 16:34:13,142:INFO:Preloading libraries
2023-01-18 16:34:13,142:INFO:Preparing display monitor
2023-01-18 16:34:13,165:INFO:Defining topic model
2023-01-18 16:34:13,175:INFO:Model: Latent Dirichlet Allocation
2023-01-18 16:34:13,176:INFO:Defining num_topics parameter
2023-01-18 16:34:13,177:INFO:num_topics set to: 4
2023-01-18 16:34:13,184:INFO:LdaModel imported successfully
2023-01-18 16:34:14,118:INFO:LdaModel trained successfully
2023-01-18 16:34:14,121:INFO:LdaModel(num_terms=453, num_topics=4, decay=0.5, chunksize=100)
2023-01-18 16:34:14,122:INFO:create_model() succesfully completed......................................
2023-01-18 16:34:26,474:INFO:Initializing create_model()
2023-01-18 16:34:26,477:INFO:create_model(model=lda, multi_core=True, num_topics=10, verbose=True, system=True)
2023-01-18 16:34:26,477:INFO:Checking exceptions
2023-01-18 16:34:26,478:INFO:Preloading libraries
2023-01-18 16:34:26,478:INFO:Preparing display monitor
2023-01-18 16:34:26,489:INFO:Defining topic model
2023-01-18 16:34:26,490:INFO:Model: Latent Dirichlet Allocation
2023-01-18 16:34:26,490:INFO:Defining num_topics parameter
2023-01-18 16:34:26,491:INFO:num_topics set to: 10
2023-01-18 16:34:26,497:INFO:LDA multi_core enabled
2023-01-18 16:34:26,498:INFO:LdaMulticore imported successfully
2023-01-18 16:34:32,312:INFO:LdaMulticore trained successfully
2023-01-18 16:34:32,317:INFO:LdaModel(num_terms=453, num_topics=10, decay=0.5, chunksize=100)
2023-01-18 16:34:32,318:INFO:create_model() succesfully completed......................................
2023-01-18 16:34:32,605:INFO:Initializing assign_model()
2023-01-18 16:34:32,615:INFO:assign_model(model=LdaModel(num_terms=453, num_topics=4, decay=0.5, chunksize=100), verbose=True)
2023-01-18 16:34:32,616:INFO:Determining model type
2023-01-18 16:34:32,617:INFO:model type: lda
2023-01-18 16:34:32,617:INFO:Checking exceptions
2023-01-18 16:34:32,617:INFO:Preloading libraries
2023-01-18 16:34:32,618:INFO:Preparing display monitor
2023-01-18 16:34:32,950:INFO:(553, 17)
2023-01-18 16:34:32,951:INFO:assign_model() succesfully completed......................................
2023-01-18 16:34:44,872:INFO:Initializing plot_model()
2023-01-18 16:34:44,875:INFO:plot_model(model=None, plot=frequency, topic_num=None, save=False, system=True)
2023-01-18 16:34:44,875:INFO:Checking exceptions
2023-01-18 16:34:44,875:INFO:Importing libraries
2023-01-18 16:34:45,809:INFO:save_param set to False
2023-01-18 16:34:45,809:INFO:plot type: frequency
2023-01-18 16:34:45,810:INFO:Rendering Visual
2023-01-18 16:34:45,810:WARNING:topic_num set to None. Plot generated at corpus level.
2023-01-18 16:34:45,811:INFO:Fitting CountVectorizer()
2023-01-18 16:34:48,906:WARNING:Invalid topic_num param or empty Vocab. Try changing Topic Number.
2023-01-18 16:35:18,330:INFO:Initializing plot_model()
2023-01-18 16:35:18,330:INFO:plot_model(model=LdaModel(num_terms=453, num_topics=4, decay=0.5, chunksize=100), plot=frequency, topic_num=None, save=False, system=True)
2023-01-18 16:35:18,331:INFO:Topic selected. topic_num : Topic 0
2023-01-18 16:35:18,331:INFO:Checking exceptions
2023-01-18 16:35:18,331:INFO:Importing libraries
2023-01-18 16:35:18,354:INFO:save_param set to False
2023-01-18 16:35:18,355:INFO:plot type: frequency
2023-01-18 16:35:18,355:INFO:Rendering Visual
2023-01-18 16:35:18,356:INFO:SubProcess assign_model() called ==================================
2023-01-18 16:35:18,372:INFO:Initializing assign_model()
2023-01-18 16:35:18,373:INFO:assign_model(model=LdaModel(num_terms=453, num_topics=4, decay=0.5, chunksize=100), verbose=False)
2023-01-18 16:35:18,373:INFO:Determining model type
2023-01-18 16:35:18,374:INFO:model type: lda
2023-01-18 16:35:18,374:INFO:Checking exceptions
2023-01-18 16:35:18,374:INFO:Preloading libraries
2023-01-18 16:35:18,375:INFO:Preparing display monitor
2023-01-18 16:35:18,628:INFO:(553, 17)
2023-01-18 16:35:18,629:INFO:assign_model() succesfully completed......................................
2023-01-18 16:35:18,630:INFO:SubProcess assign_model() end ==================================
2023-01-18 16:35:18,639:INFO:Fitting CountVectorizer()
2023-01-18 16:35:18,806:WARNING:Invalid topic_num param or empty Vocab. Try changing Topic Number.
2023-01-18 16:35:20,028:INFO:Initializing plot_model()
2023-01-18 16:35:20,029:INFO:plot_model(model=LdaModel(num_terms=453, num_topics=4, decay=0.5, chunksize=100), plot=topic_model, topic_num=None, save=False, system=True)
2023-01-18 16:35:20,029:INFO:Topic selected. topic_num : Topic 0
2023-01-18 16:35:20,029:INFO:Checking exceptions
2023-01-18 16:35:20,029:INFO:Importing libraries
2023-01-18 16:35:20,070:INFO:save_param set to False
2023-01-18 16:35:20,070:INFO:plot type: topic_model
2023-01-18 16:35:20,820:INFO:Initializing plot_model()
2023-01-18 16:35:20,820:INFO:plot_model(model=None, plot=bigram, topic_num=None, save=False, system=True)
2023-01-18 16:35:20,821:INFO:Checking exceptions
2023-01-18 16:35:20,821:INFO:Importing libraries
2023-01-18 16:35:20,871:INFO:save_param set to False
2023-01-18 16:35:20,872:INFO:plot type: bigram
2023-01-18 16:35:20,873:WARNING:topic_num set to None. Plot generated at corpus level.
2023-01-18 16:35:20,874:INFO:Fitting CountVectorizer()
2023-01-18 16:35:20,906:INFO:Rendering Visual
2023-01-18 16:35:21,002:WARNING:Invalid topic_num param or empty Vocab. Try changing Topic Number.
2023-01-18 16:35:24,292:INFO:Initializing plot_model()
2023-01-18 16:35:24,292:INFO:plot_model(model=LdaModel(num_terms=453, num_topics=4, decay=0.5, chunksize=100), plot=topic_distribution, topic_num=None, save=False, system=True)
2023-01-18 16:35:24,292:INFO:Topic selected. topic_num : Topic 0
2023-01-18 16:35:24,292:INFO:Checking exceptions
2023-01-18 16:35:24,293:INFO:Importing libraries
2023-01-18 16:35:24,318:INFO:save_param set to False
2023-01-18 16:35:24,319:INFO:plot type: topic_distribution
2023-01-18 16:35:24,320:INFO:SubProcess assign_model() called ==================================
2023-01-18 16:35:24,335:INFO:Initializing assign_model()
2023-01-18 16:35:24,335:INFO:assign_model(model=LdaModel(num_terms=453, num_topics=4, decay=0.5, chunksize=100), verbose=False)
2023-01-18 16:35:24,335:INFO:Determining model type
2023-01-18 16:35:24,336:INFO:model type: lda
2023-01-18 16:35:24,336:INFO:Checking exceptions
2023-01-18 16:35:24,336:INFO:Preloading libraries
2023-01-18 16:35:24,336:INFO:Preparing display monitor
2023-01-18 16:35:24,545:INFO:(553, 17)
2023-01-18 16:35:24,545:INFO:assign_model() succesfully completed......................................
2023-01-18 16:35:24,546:INFO:SubProcess assign_model() end ==================================
2023-01-18 16:35:24,557:INFO:Sorting Dataframe
2023-01-18 16:35:24,559:INFO:Rendering Visual
2023-01-18 16:37:29,371:INFO:PyCaret NLP Module
2023-01-18 16:37:29,371:INFO:version 2.3.10
2023-01-18 16:37:29,371:INFO:Initializing setup()
2023-01-18 16:37:29,372:INFO:USI: 47ae
2023-01-18 16:37:29,372:INFO:setup(data=(553, 11), target=description, custom_stopwords=['co', 'http', 'go', 'get'], html=True, session_id=123, log_experiment=False,
                    experiment_name=None, log_plots=False, log_data=False, verbose=True)
2023-01-18 16:37:29,372:INFO:Checking environment
2023-01-18 16:37:29,373:INFO:python_version: 3.8.15
2023-01-18 16:37:29,373:INFO:python_build: ('default', 'Nov 24 2022 14:38:14')
2023-01-18 16:37:29,373:INFO:machine: AMD64
2023-01-18 16:37:29,374:INFO:platform: Windows-10-10.0.19045-SP0
2023-01-18 16:37:29,380:INFO:Memory: svmem(total=8292089856, available=652218368, percent=92.1, used=7639871488, free=652218368)
2023-01-18 16:37:29,380:INFO:Physical Core: 4
2023-01-18 16:37:29,381:INFO:Logical Core: 8
2023-01-18 16:37:29,381:INFO:Checking libraries
2023-01-18 16:37:29,382:INFO:pd==1.5.2
2023-01-18 16:37:29,382:INFO:numpy==1.20.3
2023-01-18 16:37:29,382:INFO:gensim==3.8.3
2023-01-18 16:37:29,382:INFO:spacy==2.3.9
2023-01-18 16:37:29,382:INFO:nltk==3.8
2023-01-18 16:37:29,382:INFO:textblob==0.17.1
2023-01-18 16:37:29,383:INFO:pyLDAvis==3.3.1
2023-01-18 16:37:29,383:INFO:wordcloud==1.8.2.2
2023-01-18 16:37:29,383:INFO:mlflow==2.1.0
2023-01-18 16:37:29,383:INFO:Checking Exceptions
2023-01-18 16:37:29,981:INFO:Preloading libraries
2023-01-18 16:37:29,981:INFO:Preparing display monitor
2023-01-18 16:37:29,996:INFO:Importing libraries
2023-01-18 16:37:29,996:INFO:Declaring global variables
2023-01-18 16:37:29,997:INFO:Input provided : dataframe
2023-01-18 16:37:29,997:INFO:session_id set to : 123
2023-01-18 16:37:29,998:INFO:Copying training dataset
2023-01-18 16:37:29,999:INFO:Importing stopwords from nltk
2023-01-18 16:37:30,003:INFO:Removing numeric characters from the text
2023-01-18 16:37:30,013:INFO:Removing special characters from the text
2023-01-18 16:37:30,037:INFO:Tokenizing Words
2023-01-18 16:37:30,076:INFO:Removing stopwords
2023-01-18 16:37:30,105:INFO:Extracting Bigrams
2023-01-18 16:37:30,163:INFO:Extracting Trigrams
2023-01-18 16:37:30,251:INFO:Lemmatizing tokens
2023-01-18 16:37:32,631:INFO:Removing stopwords after lemmatizing
2023-01-18 16:37:32,647:INFO:Creating corpus and dictionary
2023-01-18 16:37:32,665:INFO:Compiling processed text
2023-01-18 16:37:32,666:INFO:Compiling information grid
2023-01-18 16:37:32,673:INFO:setup() succesfully completed......................................
2023-01-18 16:38:36,010:INFO:Initializing create_model()
2023-01-18 16:38:36,011:INFO:create_model(model=lda, multi_core=False, num_topics=None, verbose=True, system=True)
2023-01-18 16:38:36,011:INFO:Checking exceptions
2023-01-18 16:38:36,011:INFO:Preloading libraries
2023-01-18 16:38:36,012:INFO:Preparing display monitor
2023-01-18 16:38:36,024:INFO:Defining topic model
2023-01-18 16:38:36,025:INFO:Model: Latent Dirichlet Allocation
2023-01-18 16:38:36,025:INFO:Defining num_topics parameter
2023-01-18 16:38:36,026:INFO:num_topics set to: 4
2023-01-18 16:38:36,031:INFO:LdaModel imported successfully
2023-01-18 16:38:36,885:INFO:LdaModel trained successfully
2023-01-18 16:38:36,887:INFO:LdaModel(num_terms=702, num_topics=4, decay=0.5, chunksize=100)
2023-01-18 16:38:36,888:INFO:create_model() succesfully completed......................................
2023-01-18 16:38:40,474:INFO:Initializing plot_model()
2023-01-18 16:38:40,475:INFO:plot_model(model=LdaModel(num_terms=702, num_topics=4, decay=0.5, chunksize=100), plot=topic_distribution, topic_num=None, save=False, system=True)
2023-01-18 16:38:40,475:INFO:Topic selected. topic_num : Topic 0
2023-01-18 16:38:40,475:INFO:Checking exceptions
2023-01-18 16:38:40,476:INFO:Importing libraries
2023-01-18 16:38:40,517:INFO:save_param set to False
2023-01-18 16:38:40,518:INFO:plot type: topic_distribution
2023-01-18 16:38:40,519:INFO:SubProcess assign_model() called ==================================
2023-01-18 16:38:40,531:INFO:Initializing assign_model()
2023-01-18 16:38:40,532:INFO:assign_model(model=LdaModel(num_terms=702, num_topics=4, decay=0.5, chunksize=100), verbose=False)
2023-01-18 16:38:40,532:INFO:Determining model type
2023-01-18 16:38:40,533:INFO:model type: lda
2023-01-18 16:38:40,533:INFO:Checking exceptions
2023-01-18 16:38:40,534:INFO:Preloading libraries
2023-01-18 16:38:40,535:INFO:Preparing display monitor
2023-01-18 16:38:40,811:INFO:(553, 17)
2023-01-18 16:38:40,812:INFO:assign_model() succesfully completed......................................
2023-01-18 16:38:40,813:INFO:SubProcess assign_model() end ==================================
2023-01-18 16:38:40,824:INFO:Sorting Dataframe
2023-01-18 16:38:40,827:INFO:Rendering Visual
2023-01-18 16:38:42,854:INFO:Initializing assign_model()
2023-01-18 16:38:42,854:INFO:assign_model(model=LdaModel(num_terms=702, num_topics=4, decay=0.5, chunksize=100), verbose=True)
2023-01-18 16:38:42,855:INFO:Determining model type
2023-01-18 16:38:42,856:INFO:model type: lda
2023-01-18 16:38:42,856:INFO:Checking exceptions
2023-01-18 16:38:42,857:INFO:Preloading libraries
2023-01-18 16:38:42,857:INFO:Preparing display monitor
2023-01-18 16:38:43,085:INFO:(553, 17)
2023-01-18 16:38:43,086:INFO:assign_model() succesfully completed......................................
2023-01-18 16:38:44,833:INFO:PyCaret NLP Module
2023-01-18 16:38:44,833:INFO:version 2.3.10
2023-01-18 16:38:44,833:INFO:Initializing setup()
2023-01-18 16:38:44,833:INFO:USI: 2367
2023-01-18 16:38:44,833:INFO:setup(data=(553, 11), target=Comments, custom_stopwords=['loan', 'income', 'usd', 'many', 'also', 'make', 'business', 'buy', 'sell', 'purchase', 'year', 'people', 'able', 'enable', 'old', 'woman', 'child', 'school'], html=True, session_id=123, log_experiment=True,
                    experiment_name=None, log_plots=False, log_data=False, verbose=True)
2023-01-18 16:38:44,834:INFO:Checking environment
2023-01-18 16:38:44,834:INFO:python_version: 3.8.15
2023-01-18 16:38:44,834:INFO:python_build: ('default', 'Nov 24 2022 14:38:14')
2023-01-18 16:38:44,834:INFO:machine: AMD64
2023-01-18 16:38:44,834:INFO:platform: Windows-10-10.0.19045-SP0
2023-01-18 16:38:44,841:INFO:Memory: svmem(total=8292089856, available=524951552, percent=93.7, used=7767138304, free=524951552)
2023-01-18 16:38:44,841:INFO:Physical Core: 4
2023-01-18 16:38:44,842:INFO:Logical Core: 8
2023-01-18 16:38:44,843:INFO:Checking libraries
2023-01-18 16:38:44,844:INFO:pd==1.5.2
2023-01-18 16:38:44,844:INFO:numpy==1.20.3
2023-01-18 16:38:44,845:INFO:gensim==3.8.3
2023-01-18 16:38:44,845:INFO:spacy==2.3.9
2023-01-18 16:38:44,846:INFO:nltk==3.8
2023-01-18 16:38:44,846:INFO:textblob==0.17.1
2023-01-18 16:38:44,846:INFO:pyLDAvis==3.3.1
2023-01-18 16:38:44,846:INFO:wordcloud==1.8.2.2
2023-01-18 16:38:44,846:INFO:mlflow==2.1.0
2023-01-18 16:38:44,846:INFO:Checking Exceptions
2023-01-18 16:38:49,031:INFO:Initializing create_model()
2023-01-18 16:38:49,032:INFO:create_model(model=lda, multi_core=False, num_topics=None, verbose=True, system=True)
2023-01-18 16:38:49,032:INFO:Checking exceptions
2023-01-18 16:38:49,033:INFO:Preloading libraries
2023-01-18 16:38:49,033:INFO:Preparing display monitor
2023-01-18 16:38:49,046:INFO:Defining topic model
2023-01-18 16:38:49,046:INFO:Model: Latent Dirichlet Allocation
2023-01-18 16:38:49,047:INFO:Defining num_topics parameter
2023-01-18 16:38:49,047:INFO:num_topics set to: 4
2023-01-18 16:38:49,052:INFO:LdaModel imported successfully
2023-01-18 16:38:49,775:INFO:LdaModel trained successfully
2023-01-18 16:38:49,777:INFO:LdaModel(num_terms=702, num_topics=4, decay=0.5, chunksize=100)
2023-01-18 16:38:49,777:INFO:create_model() succesfully completed......................................
2023-01-18 16:38:50,642:INFO:Initializing plot_model()
2023-01-18 16:38:50,642:INFO:plot_model(model=LdaModel(num_terms=702, num_topics=4, decay=0.5, chunksize=100), plot=topic_distribution, topic_num=None, save=False, system=True)
2023-01-18 16:38:50,643:INFO:Topic selected. topic_num : Topic 0
2023-01-18 16:38:50,643:INFO:Checking exceptions
2023-01-18 16:38:50,643:INFO:Importing libraries
2023-01-18 16:38:50,678:INFO:save_param set to False
2023-01-18 16:38:50,679:INFO:plot type: topic_distribution
2023-01-18 16:38:50,682:INFO:SubProcess assign_model() called ==================================
2023-01-18 16:38:50,699:INFO:Initializing assign_model()
2023-01-18 16:38:50,699:INFO:assign_model(model=LdaModel(num_terms=702, num_topics=4, decay=0.5, chunksize=100), verbose=False)
2023-01-18 16:38:50,700:INFO:Determining model type
2023-01-18 16:38:50,700:INFO:model type: lda
2023-01-18 16:38:50,700:INFO:Checking exceptions
2023-01-18 16:38:50,700:INFO:Preloading libraries
2023-01-18 16:38:50,701:INFO:Preparing display monitor
2023-01-18 16:38:50,901:INFO:(553, 17)
2023-01-18 16:38:50,902:INFO:assign_model() succesfully completed......................................
2023-01-18 16:38:50,902:INFO:SubProcess assign_model() end ==================================
2023-01-18 16:38:50,910:INFO:Sorting Dataframe
2023-01-18 16:38:50,912:INFO:Rendering Visual
2023-01-18 16:38:52,197:INFO:Initializing tune_model()
2023-01-18 16:38:52,197:INFO:tune_model(model=lda, multi_core=True, supervised_target=None, estimator=None, optimize=None, custom_grid=None, auto_fe=True, fold=10, verbose=True)
2023-01-18 16:38:52,198:INFO:Checking exceptions
2023-01-18 16:38:52,198:INFO:Preloading libraries
2023-01-18 16:38:52,198:INFO:Preparing display monitor
2023-01-18 16:38:52,218:INFO:Importing libraries
2023-01-18 16:38:52,258:INFO:Objective : Unsupervised
2023-01-18 16:38:52,258:INFO:Defining model name
2023-01-18 16:38:52,259:INFO:Topic Model Name: Latent Dirichlet Allocation
2023-01-18 16:38:52,260:INFO:Defining supervised estimator
2023-01-18 16:38:52,260:INFO:Estimator: None
2023-01-18 16:38:52,261:INFO:Defining Optimizer
2023-01-18 16:38:52,261:INFO:Optimize: None
2023-01-18 16:38:52,264:INFO:Defining Tuning Grid
2023-01-18 16:38:52,265:INFO:Pre-defined Grid used
2023-01-18 16:38:52,276:INFO:Fitting Model with num_topics = 2
2023-01-18 16:38:52,286:INFO:SubProcess create_model() called ==================================
2023-01-18 16:38:52,302:INFO:Initializing create_model()
2023-01-18 16:38:52,302:INFO:create_model(model=lda, multi_core=True, num_topics=2, verbose=False, system=True)
2023-01-18 16:38:52,303:INFO:Checking exceptions
2023-01-18 16:38:52,303:INFO:Preloading libraries
2023-01-18 16:38:52,303:INFO:Preparing display monitor
2023-01-18 16:38:52,310:INFO:Defining topic model
2023-01-18 16:38:52,310:INFO:Model: Latent Dirichlet Allocation
2023-01-18 16:38:52,310:INFO:Defining num_topics parameter
2023-01-18 16:38:52,311:INFO:num_topics set to: 2
2023-01-18 16:38:52,312:INFO:LDA multi_core enabled
2023-01-18 16:38:52,312:INFO:LdaMulticore imported successfully
2023-01-18 16:38:56,972:INFO:LdaMulticore trained successfully
2023-01-18 16:38:56,974:INFO:LdaModel(num_terms=702, num_topics=2, decay=0.5, chunksize=100)
2023-01-18 16:38:56,975:INFO:create_model() succesfully completed......................................
2023-01-18 16:38:56,975:INFO:SubProcess create_model() end ==================================
2023-01-18 16:38:56,976:INFO:SubProcess assign_model() called ==================================
2023-01-18 16:38:57,009:INFO:Initializing assign_model()
2023-01-18 16:38:57,010:INFO:assign_model(model=LdaModel(num_terms=702, num_topics=2, decay=0.5, chunksize=100), verbose=False)
2023-01-18 16:38:57,010:INFO:Determining model type
2023-01-18 16:38:57,011:INFO:model type: lda
2023-01-18 16:38:57,011:INFO:Checking exceptions
2023-01-18 16:38:57,011:INFO:Preloading libraries
2023-01-18 16:38:57,012:INFO:Preparing display monitor
2023-01-18 16:38:57,307:INFO:(553, 15)
2023-01-18 16:38:57,307:INFO:assign_model() succesfully completed......................................
2023-01-18 16:38:57,308:INFO:SubProcess assign_model() end ==================================
2023-01-18 16:38:57,308:INFO:Fitting Model with num_topics = 4
2023-01-18 16:38:57,354:INFO:SubProcess create_model() called ==================================
2023-01-18 16:38:57,370:INFO:Initializing create_model()
2023-01-18 16:38:57,371:INFO:create_model(model=lda, multi_core=True, num_topics=4, verbose=False, system=True)
2023-01-18 16:38:57,371:INFO:Checking exceptions
2023-01-18 16:38:57,372:INFO:Preloading libraries
2023-01-18 16:38:57,372:INFO:Preparing display monitor
2023-01-18 16:38:57,377:INFO:Defining topic model
2023-01-18 16:38:57,377:INFO:Model: Latent Dirichlet Allocation
2023-01-18 16:38:57,378:INFO:Defining num_topics parameter
2023-01-18 16:38:57,378:INFO:num_topics set to: 4
2023-01-18 16:38:57,379:INFO:LDA multi_core enabled
2023-01-18 16:38:57,379:INFO:LdaMulticore imported successfully
2023-01-18 16:39:03,348:INFO:LdaMulticore trained successfully
2023-01-18 16:39:03,349:INFO:LdaModel(num_terms=702, num_topics=4, decay=0.5, chunksize=100)
2023-01-18 16:39:03,350:INFO:create_model() succesfully completed......................................
2023-01-18 16:39:03,350:INFO:SubProcess create_model() end ==================================
2023-01-18 16:39:03,351:INFO:SubProcess assign_model() called ==================================
2023-01-18 16:39:03,369:INFO:Initializing assign_model()
2023-01-18 16:39:03,370:INFO:assign_model(model=LdaModel(num_terms=702, num_topics=4, decay=0.5, chunksize=100), verbose=False)
2023-01-18 16:39:03,371:INFO:Determining model type
2023-01-18 16:39:03,371:INFO:model type: lda
2023-01-18 16:39:03,371:INFO:Checking exceptions
2023-01-18 16:39:03,371:INFO:Preloading libraries
2023-01-18 16:39:03,372:INFO:Preparing display monitor
2023-01-18 16:39:03,634:INFO:(553, 17)
2023-01-18 16:39:03,635:INFO:assign_model() succesfully completed......................................
2023-01-18 16:39:03,635:INFO:SubProcess assign_model() end ==================================
2023-01-18 16:39:03,636:INFO:Fitting Model with num_topics = 8
2023-01-18 16:39:03,663:INFO:SubProcess create_model() called ==================================
2023-01-18 16:39:03,679:INFO:Initializing create_model()
2023-01-18 16:39:03,679:INFO:create_model(model=lda, multi_core=True, num_topics=8, verbose=False, system=True)
2023-01-18 16:39:03,679:INFO:Checking exceptions
2023-01-18 16:39:03,680:INFO:Preloading libraries
2023-01-18 16:39:03,680:INFO:Preparing display monitor
2023-01-18 16:39:03,684:INFO:Defining topic model
2023-01-18 16:39:03,685:INFO:Model: Latent Dirichlet Allocation
2023-01-18 16:39:03,685:INFO:Defining num_topics parameter
2023-01-18 16:39:03,686:INFO:num_topics set to: 8
2023-01-18 16:39:03,687:INFO:LDA multi_core enabled
2023-01-18 16:39:03,688:INFO:LdaMulticore imported successfully
2023-01-18 16:39:08,712:INFO:LdaMulticore trained successfully
2023-01-18 16:39:08,714:INFO:LdaModel(num_terms=702, num_topics=8, decay=0.5, chunksize=100)
2023-01-18 16:39:08,714:INFO:create_model() succesfully completed......................................
2023-01-18 16:39:08,715:INFO:SubProcess create_model() end ==================================
2023-01-18 16:39:08,715:INFO:SubProcess assign_model() called ==================================
2023-01-18 16:39:08,729:INFO:Initializing assign_model()
2023-01-18 16:39:08,730:INFO:assign_model(model=LdaModel(num_terms=702, num_topics=8, decay=0.5, chunksize=100), verbose=False)
2023-01-18 16:39:08,730:INFO:Determining model type
2023-01-18 16:39:08,730:INFO:model type: lda
2023-01-18 16:39:08,731:INFO:Checking exceptions
2023-01-18 16:39:08,731:INFO:Preloading libraries
2023-01-18 16:39:08,731:INFO:Preparing display monitor
2023-01-18 16:39:08,999:INFO:(553, 21)
2023-01-18 16:39:08,999:INFO:assign_model() succesfully completed......................................
2023-01-18 16:39:09,000:INFO:SubProcess assign_model() end ==================================
2023-01-18 16:39:09,001:INFO:Fitting Model with num_topics = 16
2023-01-18 16:39:09,029:INFO:SubProcess create_model() called ==================================
2023-01-18 16:39:09,051:INFO:Initializing create_model()
2023-01-18 16:39:09,051:INFO:create_model(model=lda, multi_core=True, num_topics=16, verbose=False, system=True)
2023-01-18 16:39:09,052:INFO:Checking exceptions
2023-01-18 16:39:09,052:INFO:Preloading libraries
2023-01-18 16:39:09,053:INFO:Preparing display monitor
2023-01-18 16:39:09,059:INFO:Defining topic model
2023-01-18 16:39:09,060:INFO:Model: Latent Dirichlet Allocation
2023-01-18 16:39:09,060:INFO:Defining num_topics parameter
2023-01-18 16:39:09,061:INFO:num_topics set to: 16
2023-01-18 16:39:09,064:INFO:LDA multi_core enabled
2023-01-18 16:39:09,065:INFO:LdaMulticore imported successfully
2023-01-18 16:39:13,880:INFO:LdaMulticore trained successfully
2023-01-18 16:39:13,882:INFO:LdaModel(num_terms=702, num_topics=16, decay=0.5, chunksize=100)
2023-01-18 16:39:13,882:INFO:create_model() succesfully completed......................................
2023-01-18 16:39:13,883:INFO:SubProcess create_model() end ==================================
2023-01-18 16:39:13,883:INFO:SubProcess assign_model() called ==================================
2023-01-18 16:39:13,901:INFO:Initializing assign_model()
2023-01-18 16:39:13,901:INFO:assign_model(model=LdaModel(num_terms=702, num_topics=16, decay=0.5, chunksize=100), verbose=False)
2023-01-18 16:39:13,901:INFO:Determining model type
2023-01-18 16:39:13,902:INFO:model type: lda
2023-01-18 16:39:13,902:INFO:Checking exceptions
2023-01-18 16:39:13,902:INFO:Preloading libraries
2023-01-18 16:39:13,903:INFO:Preparing display monitor
2023-01-18 16:39:14,227:INFO:(553, 29)
2023-01-18 16:39:14,228:INFO:assign_model() succesfully completed......................................
2023-01-18 16:39:14,229:INFO:SubProcess assign_model() end ==================================
2023-01-18 16:39:14,230:INFO:Fitting Model with num_topics = 32
2023-01-18 16:39:14,266:INFO:SubProcess create_model() called ==================================
2023-01-18 16:39:14,286:INFO:Initializing create_model()
2023-01-18 16:39:14,287:INFO:create_model(model=lda, multi_core=True, num_topics=32, verbose=False, system=True)
2023-01-18 16:39:14,288:INFO:Checking exceptions
2023-01-18 16:39:14,290:INFO:Preloading libraries
2023-01-18 16:39:14,291:INFO:Preparing display monitor
2023-01-18 16:39:14,296:INFO:Defining topic model
2023-01-18 16:39:14,296:INFO:Model: Latent Dirichlet Allocation
2023-01-18 16:39:14,296:INFO:Defining num_topics parameter
2023-01-18 16:39:14,297:INFO:num_topics set to: 32
2023-01-18 16:39:14,298:INFO:LDA multi_core enabled
2023-01-18 16:39:14,298:INFO:LdaMulticore imported successfully
2023-01-18 16:39:19,108:INFO:LdaMulticore trained successfully
2023-01-18 16:39:19,109:INFO:LdaModel(num_terms=702, num_topics=32, decay=0.5, chunksize=100)
2023-01-18 16:39:19,109:INFO:create_model() succesfully completed......................................
2023-01-18 16:39:19,110:INFO:SubProcess create_model() end ==================================
2023-01-18 16:39:19,110:INFO:SubProcess assign_model() called ==================================
2023-01-18 16:39:19,122:INFO:Initializing assign_model()
2023-01-18 16:39:19,123:INFO:assign_model(model=LdaModel(num_terms=702, num_topics=32, decay=0.5, chunksize=100), verbose=False)
2023-01-18 16:39:19,123:INFO:Determining model type
2023-01-18 16:39:19,123:INFO:model type: lda
2023-01-18 16:39:19,123:INFO:Checking exceptions
2023-01-18 16:39:19,123:INFO:Preloading libraries
2023-01-18 16:39:19,124:INFO:Preparing display monitor
2023-01-18 16:39:19,530:INFO:(553, 45)
2023-01-18 16:39:19,530:INFO:assign_model() succesfully completed......................................
2023-01-18 16:39:19,532:INFO:SubProcess assign_model() end ==================================
2023-01-18 16:39:19,533:INFO:Fitting Model with num_topics = 64
2023-01-18 16:39:19,562:INFO:SubProcess create_model() called ==================================
2023-01-18 16:39:19,589:INFO:Initializing create_model()
2023-01-18 16:39:19,589:INFO:create_model(model=lda, multi_core=True, num_topics=64, verbose=False, system=True)
2023-01-18 16:39:19,590:INFO:Checking exceptions
2023-01-18 16:39:19,590:INFO:Preloading libraries
2023-01-18 16:39:19,590:INFO:Preparing display monitor
2023-01-18 16:39:19,596:INFO:Defining topic model
2023-01-18 16:39:19,596:INFO:Model: Latent Dirichlet Allocation
2023-01-18 16:39:19,597:INFO:Defining num_topics parameter
2023-01-18 16:39:19,597:INFO:num_topics set to: 64
2023-01-18 16:39:19,598:INFO:LDA multi_core enabled
2023-01-18 16:39:19,599:INFO:LdaMulticore imported successfully
2023-01-18 16:39:24,945:INFO:LdaMulticore trained successfully
2023-01-18 16:39:24,947:INFO:LdaModel(num_terms=702, num_topics=64, decay=0.5, chunksize=100)
2023-01-18 16:39:24,947:INFO:create_model() succesfully completed......................................
2023-01-18 16:39:24,948:INFO:SubProcess create_model() end ==================================
2023-01-18 16:39:24,948:INFO:SubProcess assign_model() called ==================================
2023-01-18 16:39:24,963:INFO:Initializing assign_model()
2023-01-18 16:39:24,963:INFO:assign_model(model=LdaModel(num_terms=702, num_topics=64, decay=0.5, chunksize=100), verbose=False)
2023-01-18 16:39:24,963:INFO:Determining model type
2023-01-18 16:39:24,964:INFO:model type: lda
2023-01-18 16:39:24,964:INFO:Checking exceptions
2023-01-18 16:39:24,964:INFO:Preloading libraries
2023-01-18 16:39:24,964:INFO:Preparing display monitor
2023-01-18 16:39:25,580:INFO:(553, 77)
2023-01-18 16:39:25,580:INFO:assign_model() succesfully completed......................................
2023-01-18 16:39:25,583:INFO:SubProcess assign_model() end ==================================
2023-01-18 16:39:25,583:INFO:Fitting Model with num_topics = 100
2023-01-18 16:39:25,609:INFO:SubProcess create_model() called ==================================
2023-01-18 16:39:25,624:INFO:Initializing create_model()
2023-01-18 16:39:25,625:INFO:create_model(model=lda, multi_core=True, num_topics=100, verbose=False, system=True)
2023-01-18 16:39:25,626:INFO:Checking exceptions
2023-01-18 16:39:25,626:INFO:Preloading libraries
2023-01-18 16:39:25,627:INFO:Preparing display monitor
2023-01-18 16:39:25,631:INFO:Defining topic model
2023-01-18 16:39:25,632:INFO:Model: Latent Dirichlet Allocation
2023-01-18 16:39:25,632:INFO:Defining num_topics parameter
2023-01-18 16:39:25,633:INFO:num_topics set to: 100
2023-01-18 16:39:25,634:INFO:LDA multi_core enabled
2023-01-18 16:39:25,634:INFO:LdaMulticore imported successfully
2023-01-18 16:39:30,495:INFO:LdaMulticore trained successfully
2023-01-18 16:39:30,496:INFO:LdaModel(num_terms=702, num_topics=100, decay=0.5, chunksize=100)
2023-01-18 16:39:30,497:INFO:create_model() succesfully completed......................................
2023-01-18 16:39:30,497:INFO:SubProcess create_model() end ==================================
2023-01-18 16:39:30,497:INFO:SubProcess assign_model() called ==================================
2023-01-18 16:39:30,511:INFO:Initializing assign_model()
2023-01-18 16:39:30,512:INFO:assign_model(model=LdaModel(num_terms=702, num_topics=100, decay=0.5, chunksize=100), verbose=False)
2023-01-18 16:39:30,512:INFO:Determining model type
2023-01-18 16:39:30,512:INFO:model type: lda
2023-01-18 16:39:30,512:INFO:Checking exceptions
2023-01-18 16:39:30,513:INFO:Preloading libraries
2023-01-18 16:39:30,513:INFO:Preparing display monitor
2023-01-18 16:39:31,221:INFO:(553, 113)
2023-01-18 16:39:31,222:INFO:assign_model() succesfully completed......................................
2023-01-18 16:39:31,224:INFO:SubProcess assign_model() end ==================================
2023-01-18 16:39:31,225:INFO:Fitting Model with num_topics = 200
2023-01-18 16:39:31,247:INFO:SubProcess create_model() called ==================================
2023-01-18 16:39:31,260:INFO:Initializing create_model()
2023-01-18 16:39:31,261:INFO:create_model(model=lda, multi_core=True, num_topics=200, verbose=False, system=True)
2023-01-18 16:39:31,262:INFO:Checking exceptions
2023-01-18 16:39:31,262:INFO:Preloading libraries
2023-01-18 16:39:31,262:INFO:Preparing display monitor
2023-01-18 16:39:31,266:INFO:Defining topic model
2023-01-18 16:39:31,267:INFO:Model: Latent Dirichlet Allocation
2023-01-18 16:39:31,267:INFO:Defining num_topics parameter
2023-01-18 16:39:31,267:INFO:num_topics set to: 200
2023-01-18 16:39:31,269:INFO:LDA multi_core enabled
2023-01-18 16:39:31,270:INFO:LdaMulticore imported successfully
2023-01-18 16:39:36,741:INFO:LdaMulticore trained successfully
2023-01-18 16:39:36,742:INFO:LdaModel(num_terms=702, num_topics=200, decay=0.5, chunksize=100)
2023-01-18 16:39:36,742:INFO:create_model() succesfully completed......................................
2023-01-18 16:39:36,742:INFO:SubProcess create_model() end ==================================
2023-01-18 16:39:36,743:INFO:SubProcess assign_model() called ==================================
2023-01-18 16:39:36,761:INFO:Initializing assign_model()
2023-01-18 16:39:36,761:INFO:assign_model(model=LdaModel(num_terms=702, num_topics=200, decay=0.5, chunksize=100), verbose=False)
2023-01-18 16:39:36,761:INFO:Determining model type
2023-01-18 16:39:36,761:INFO:model type: lda
2023-01-18 16:39:36,762:INFO:Checking exceptions
2023-01-18 16:39:36,762:INFO:Preloading libraries
2023-01-18 16:39:36,762:INFO:Preparing display monitor
2023-01-18 16:39:37,957:INFO:(553, 213)
2023-01-18 16:39:37,958:INFO:assign_model() succesfully completed......................................
2023-01-18 16:39:37,963:INFO:SubProcess assign_model() end ==================================
2023-01-18 16:39:37,964:INFO:Fitting Model with num_topics = 300
2023-01-18 16:39:37,985:INFO:SubProcess create_model() called ==================================
2023-01-18 16:39:37,999:INFO:Initializing create_model()
2023-01-18 16:39:38,000:INFO:create_model(model=lda, multi_core=True, num_topics=300, verbose=False, system=True)
2023-01-18 16:39:38,001:INFO:Checking exceptions
2023-01-18 16:39:38,001:INFO:Preloading libraries
2023-01-18 16:39:38,001:INFO:Preparing display monitor
2023-01-18 16:39:38,006:INFO:Defining topic model
2023-01-18 16:39:38,006:INFO:Model: Latent Dirichlet Allocation
2023-01-18 16:39:38,007:INFO:Defining num_topics parameter
2023-01-18 16:39:38,007:INFO:num_topics set to: 300
2023-01-18 16:39:38,008:INFO:LDA multi_core enabled
2023-01-18 16:39:38,009:INFO:LdaMulticore imported successfully
